<?xml version="1.0" encoding="UTF-8"?>
<!-- Generated by org.testng.reporters.JUnitReportReporter -->
<testsuite skipped="0" hostname="LDEV-BASHARAT" name="com.auto.testNG.NewTest" tests="1" failures="0" timestamp="10 Dec 2020 20:42:55 GMT" time="2.310" errors="0">
  <testcase name="verifySecondPageText" time="2.310" classname="com.auto.testNG.NewTest"/>
</testsuite> <!-- com.auto.testNG.NewTest -->
