<?xml version="1.0" encoding="UTF-8"?>
<!-- Generated by org.testng.reporters.JUnitReportReporter -->
<testsuite skipped="0" hostname="LDEV-BASHARAT" name="com.auto.testNG.PageTest" tests="1" failures="0" timestamp="10 Dec 2020 20:44:21 GMT" time="2.305" errors="0">
  <testcase name="verifySecondPageText" time="2.305" classname="com.auto.testNG.PageTest"/>
</testsuite> <!-- com.auto.testNG.PageTest -->
